{ Using PSTWRITER 17.2.0 d001Feb-09-2021 at 18:55:06 }

#1 WARNING(ORCAP-36006): Part Name "OV2640_FPC_40P_FPC-SMD_P0_50-24P_XJ-FGS_OV2640_FPC_40P" is renamed to "OV2640_FPC_40P_FPC-SMD_P0_50-24".
#2 WARNING(ORCAP-36006): Part Name "D_SOD-123_L2_8-W1_8-LS3_7-RD_MBR0520" is renamed to "D_SOD-123_L2_8-W1_8-LS3_7-RD_MB".
#3 WARNING(ORCAP-36006): Part Name "3INCH_MCU_LCD_FC-SMD_40P-P0_50_FH28-40S-0_1_3INCH_MCU_LCD" is renamed to "3INCH_MCU_LCD_FC-SMD_40P-P0_50_".
#4 WARNING(ORCAP-36006): Part Name "NPN_SOT-23-3_L2_9-W1_6-P1_90-LS2_8-BR_S8050" is renamed to "NPN_SOT-23-3_L2_9-W1_6-P1_90-LS".
#5 WARNING(ORCAP-36006): Part Name "RESISTOR_R_0603_10K " is renamed to "RESISTOR_R_0603_10K_1".
#6 WARNING(ORCAP-36006): Part Name "STLINK_V9_IDC-TH_MTB110-10S_STLINK_V9" is renamed to "STLINK_V9_IDC-TH_MTB110-10S_STL".
#7 WARNING(ORCAP-36006): Part Name "SW_PB_SPST_SW-SMD_L3_9-W3_0-P4_45_SW" is renamed to "SW_PB_SPST_SW-SMD_L3_9-W3_0-P4_".
#8 WARNING(ORCAP-36006): Part Name "3INCH_MCU_LCD_TOUCH_FPC-SMD_6P-P0_50_F0500WR-S-06PNLNG1GB0R_3INCH_MCU_LCD_TOUCH" is renamed to "3INCH_MCU_LCD_TOUCH_FPC-SMD_6P-".
#9 WARNING(ORCAP-36006): Part Name "XC6206P152MR_SOT-23-3_L2_9-W1_6-P1_90-LS2_8-BR_XC6206P152MR" is renamed to "XC6206P152MR_SOT-23-3_L2_9-W1_6".
#10 WARNING(ORCAP-36006): Part Name "TYPEC-304-BCP16_USB-C-SMD_TYPEC-304-BCP16_NA" is renamed to "TYPEC-304-BCP16_USB-C-SMD_TYPEC".
#11 WARNING(ORCAP-36006): Part Name "CH340E_MSOP-10_L3_0-W3_0-P0_50-LS5_0-BL_CH340E" is renamed to "CH340E_MSOP-10_L3_0-W3_0-P0_50-".
#12 WARNING(ORCAP-36006): Part Name "STM32H750VBT6_QFP-100_L14_0-W14_0-P0_50-LS3_STM32H750VBT6" is renamed to "STM32H750VBT6_QFP-100_L14_0-W14".
#13 WARNING(ORCAP-36006): Part Name "XC6206P282MR_SOT-23-3_L2_9-W1_6-P1_90-LS2_8-BR_XC6206P282MR" is renamed to "XC6206P282MR_SOT-23-3_L2_9-W1_6".
INFO(ORCAP-36080): Scanning netlist files ...

Loading... D:\PROJECT\PCB\STM32_H750_V1\SCH\allegro/pstchip.dat

Loading... D:\PROJECT\PCB\STM32_H750_V1\SCH\allegro/pstchip.dat

Loading... D:\PROJECT\PCB\STM32_H750_V1\SCH\allegro/pstxprt.dat

Loading... D:\PROJECT\PCB\STM32_H750_V1\SCH\allegro/pstxnet.dat
packaging the design view...